   58  for i in `cat cs131/ws5/CUSTOMERS/top_cus.txt` ; do ;  done
   59  less amazon_reviews_us_Books_v1_02.tsv 
   60  com=49423742
   61  echo $com
   62  grep -E $"(.*\t){1}$com\t" amazon_reviews_us_Books_v1_02.tsv | head -n 3
   63  grep -E $"(.*\t){1}($com)\t" amazon_reviews_us_Books_v1_02.tsv | head -n 3
   64  grep -E $'(.*\t){1}($com)\t' amazon_reviews_us_Books_v1_02.tsv | head -n 3
   65  grep -E $`(.*\t){1}($com)\t` amazon_reviews_us_Books_v1_02.tsv | head -n 3
   66  grep -E $`'(.*\t){1}'$com'\t'` amazon_reviews_us_Books_v1_02.tsv | head -n 3
   67  grep -E $'(.*\t){1}'$com'\t' amazon_reviews_us_Books_v1_02.tsv | head -n 3
   68  grep -E $"(.*\t){1}'$com'\t" amazon_reviews_us_Books_v1_02.tsv | head -n 3
   69  grep -E $'(.*\t){1}'"$com"'\t' amazon_reviews_us_Books_v1_02.tsv | head -n 3
   70  grep -E $'(.*\t){1}"$com"\t' amazon_reviews_us_Books_v1_02.tsv | head -n 3
   71  grep -E $"(.*\t){1}"$com"\t" amazon_reviews_us_Books_v1_02.tsv | head -n 3
   72  grep -E $"(.*\t){1}$com\t" amazon_reviews_us_Books_v1_02.tsv | head -n 3
   73  grep -E $"(.*\t){1}`echo $com`\t" amazon_reviews_us_Books_v1_02.tsv | head -n 3
   74  grep -E $"(.*\t){1}`$com`\t" amazon_reviews_us_Books_v1_02.tsv | head -n 3
   75  grep -E $"(.*\t){1}`echo $com`\t" amazon_reviews_us_Books_v1_02.tsv | head -n 3
   76  echo $com
   77  grep -E $('(.*\t){1}'`echo $com`'\t') amazon_reviews_us_Books_v1_02.tsv
   78  grep -E ($'(.*\t){1}'`echo $com`'\t') amazon_reviews_us_Books_v1_02.tsv
   79  grep -E $('(.*\t){1}'"$com"'\t') amazon_reviews_us_Books_v1_02.tsv
   80  grep -E $('(.*\t){1}51147790\t') amazon_reviews_us_Books_v1_02.tsv | head -n 3
   81  grep -E $"(.*\t){1}$com\t" amazon_reviews_us_Books_v1_02.tsv | head -n 3
   82  echo $com
   83  grep -E $"(.*\t){1}49423742\t" amazon_reviews_us_Books_v1_02.tsv | head -n 3
   84  grep -E $'(.*\t){1}51147790\t' amazon_reviews_us_Books_v1_02.tsv | head -n 3
   85  grep -E $'(.*\t){1}41012519\t' amazon_reviews_us_Books_v1_02.tsv | head -n 3
   86  com=41012519
   87  echo $com
   88  grep -E $"(.*\t){1}$com\t" amazon_reviews_us_Books_v1_02.tsv | head -n 3
   89  echo $com
   90  grep -E $"(.*\t){1} $com \t" amazon_reviews_us_Books_v1_02.tsv | head -n 3
   91  grep -E $"(.*\t){1}`echo $com`\t" amazon_reviews_us_Books_v1_02.tsv | head -n 3
   92  grep -E $"(.*\t){1)($com)\t" amazon_reviews_us_Books_v1_02.tsv | head -n 3
   93  grep -E $'(.*\t){1}41012519\t' amazon_reviews_us_Books_v1_02.tsv | cut -f 2,3 | head -n 3
   94  grep -E "(.*\t){1}$com\t" amazon_reviews_us_Books_v1_02.tsv | cut -f 2,3 | head -n 3
   95  grep -E '(.*\t){1}41012519\t' amazon_reviews_us_Books_v1_02.tsv | cut -f 2,3 | head -n 3
   96  grep -E "(.*\t){1}$com\t" amazon_reviews_us_Books_v1_02.tsv | cut -f 2,3 | head -n 3
   97  cut -f 2 amazon_reviews_us_Books_v1_02.tsv | awk '{print $1}' | sort | uniq -c | sort -nr  > temp.txt
   98  wc -l temp.txt 
   99  tail -n 10 temp.txt 
  100  rm temp.txt 
  101  grep -E '(.*\t){1}41012519\t' amazon_reviews_us_Books_v1_02.tsv | cut -f 2,3 | head -n 3
  102  cat cs131/ws5/CUSTOMERS/top_cus.txt | tail -n 3
  103  grep -E '(.*\t){1}49423742\t' amazon_reviews_us_Books_v1_02.tsv | cut -f 2,3 | head -n 3
  104  grep -E '(.*\t){1}49423742\t' amazon_reviews_us_Books_v1_02.tsv | cut -f 2,3
  105  grep -E '(.*\t){1}12068140\t' amazon_reviews_us_Books_v1_02.tsv | cut -f 2,3
  106  grep -E $'(.*\t){1}49423742\t' amazon_reviews_us_Books_v1_02.tsv | cut -f 2,3 | head -n 3
  107  for i in `cat cs131/ws5/CUSTOMERS/top_cus.txt
  108  for i in `cat cs131/ws5/CUSTOMERS/top_cus.txt | head -n 3` ; do `echo $i` ; done
  109  for i in `cat cs131/ws5/CUSTOMERS/top_cus.txt | head -n 3` ; do echo $i ; done
  110  cat cs131/ws5/CUSTOMERS/top_cus.txt | head -n 3
  111  for i in `cat cs131/ws5/CUSTOMERS/top_cus.txt | tail -n 3` ; do echo $i ; done
  112  cat cs131/ws5/CUSTOMERS/top_cus.txt | tail -n 3
  113  grep -E $'(.*\t){1}49423742\t' amazon_reviews_us_Books_v1_02.tsv | cut -f 2,3 | head -n 3
  114  grep -E $"(.*\t){1}49423742\t" amazon_reviews_us_Books_v1_02.tsv | cut -f 2,3 | head -n 3
  115  grep -E "$(.*\t){1}49423742\t" amazon_reviews_us_Books_v1_02.tsv | cut -f 2,3 | head -n 3
  116  grep -E "$'(.*\t){1}49423742\t'" amazon_reviews_us_Books_v1_02.tsv | cut -f 2,3 | head -n 3
  117  grep -E $'(.*\t){1}49423742\t' amazon_reviews_us_Books_v1_02.tsv | cut -f 2,3 | head -n 3
  118  grep -E ${(.*\t){1}49423742\t} amazon_reviews_us_Books_v1_02.tsv | cut -f 2,3 | head -n 3
  119  ls
  120  cut -f 2 amazon_reviews_us_Books_v1_02.tsv | awk '{print $1}' | sort | uniq -c | sort -nr | head -n 20
  121  cut -f 2 amazon_reviews_us_Books_v1_02.tsv | awk '{print $1}' | sort | uniq -c | sort -nr | cut -b 8-  |  head -n 20
  122  ls a2
  123  ls cs131
  124  ls cs131/ws5
  125  mkdir cs131/ws5/CUSTOMERS
  126  ls cs131/ws5
  127  cut -f 2 amazon_reviews_us_Books_v1_02.tsv | awk '{print $1}' | sort | uniq -c | sort -nr | cut -b 9- | head -n 20 > cs131/ws5/CUSTOMERS/top_cus.txt
  128  cat cs131/ws5/CUSTOMERS/top_cus.txt 
  129  for i in cs131/ws5/CUSTOMERS/top_cus.txt ; do (echo "$i") ; done
  130  for i in `cat "cs131/ws5/CUSTOMERS/top_cus.txt"` ; do (echo "$i") ; done
  131  for i in `cat cs131/ws5/CUSTOMERS/top_cus.txt` ; do (echo "$i") ; done
  132  for i in `cat cs131/ws5/CUSTOMERS/top_cus.txt` ; do echo "$i" ; done
  133  cut -f 2 amazon_reviews_us_Books_v1_02.tsv | awk '{print $1}' | sort | uniq -c | sort -nr | cut -b 9- | head -n 200 > cs131/ws5/CUSTOMERS/top_cus.txt
  134  wc -l cs131/ws5/CUSTOMERS/top_cus.txt 
  135  for i in `cat cs131/ws5/CUSTOMERS/top_cus.txt` ; do echo "$i" | head -n 30 ; done
  136  for i in `cat cs131/ws5/CUSTOMERS/top_cus.txt` ; do (echo "$i" | head -n 30) ; done
  137  for i in `cat cs131/ws5/CUSTOMERS/top_cus.txt` ; do (echo "$i" | head -n 5) ; done
  138  for i in `cat cs131/ws5/CUSTOMERS/top_cus.txt` ; do echo "$i" ; head -n 5 ; done
  139  for i in `cat cs131/ws5/CUSTOMERS/top_cus.txt` ; do `echo "$i" |  head -n 5` ; done
  140  for i in `cat cs131/ws5/CUSTOMERS/top_cus.txt` ; do echo $i ; head -n 5 ; done
  141  for i in `cat cs131/ws5/CUSTOMERS/top_cus.txt` ; do ;  done
  142  less amazon_reviews_us_Books_v1_02.tsv 
  143  com=49423742
  144  echo $com
  145  grep -E $"(.*\t){1}$com\t" amazon_reviews_us_Books_v1_02.tsv | head -n 3
  146  grep -E $"(.*\t){1}($com)\t" amazon_reviews_us_Books_v1_02.tsv | head -n 3
  147  grep -E $'(.*\t){1}($com)\t' amazon_reviews_us_Books_v1_02.tsv | head -n 3
  148  grep -E $`(.*\t){1}($com)\t` amazon_reviews_us_Books_v1_02.tsv | head -n 3
  149  grep -E $`'(.*\t){1}'$com'\t'` amazon_reviews_us_Books_v1_02.tsv | head -n 3
  150  grep -E $'(.*\t){1}'$com'\t' amazon_reviews_us_Books_v1_02.tsv | head -n 3
  151  grep -E $"(.*\t){1}'$com'\t" amazon_reviews_us_Books_v1_02.tsv | head -n 3
  152  grep -E $'(.*\t){1}'"$com"'\t' amazon_reviews_us_Books_v1_02.tsv | head -n 3
  153  grep -E $'(.*\t){1}"$com"\t' amazon_reviews_us_Books_v1_02.tsv | head -n 3
  154  grep -E $"(.*\t){1}"$com"\t" amazon_reviews_us_Books_v1_02.tsv | head -n 3
  155  grep -E $"(.*\t){1}$com\t" amazon_reviews_us_Books_v1_02.tsv | head -n 3
  156  grep -E $"(.*\t){1}`echo $com`\t" amazon_reviews_us_Books_v1_02.tsv | head -n 3
  157  grep -E $"(.*\t){1}`$com`\t" amazon_reviews_us_Books_v1_02.tsv | head -n 3
  158  grep -E $"(.*\t){1}`echo $com`\t" amazon_reviews_us_Books_v1_02.tsv | head -n 3
  159  echo $com
  160  grep -E $('(.*\t){1}'`echo $com`'\t') amazon_reviews_us_Books_v1_02.tsv
  161  grep -E ($'(.*\t){1}'`echo $com`'\t') amazon_reviews_us_Books_v1_02.tsv
  162  grep -E $('(.*\t){1}'"$com"'\t') amazon_reviews_us_Books_v1_02.tsv
  163  grep -E $('(.*\t){1}51147790\t') amazon_reviews_us_Books_v1_02.tsv | head -n 3
  164  grep -E $"(.*\t){1}$com\t" amazon_reviews_us_Books_v1_02.tsv | head -n 3
  165  echo $com
  166  grep -E $"(.*\t){1}49423742\t" amazon_reviews_us_Books_v1_02.tsv | head -n 3
  167  grep -E $'(.*\t){1}51147790\t' amazon_reviews_us_Books_v1_02.tsv | head -n 3
  168  grep -E $'(.*\t){1}41012519\t' amazon_reviews_us_Books_v1_02.tsv | head -n 3
  169  com=41012519
  170  echo $com
  171  grep -E $"(.*\t){1}$com\t" amazon_reviews_us_Books_v1_02.tsv | head -n 3
  172  echo $com
  173  grep -E $"(.*\t){1} $com \t" amazon_reviews_us_Books_v1_02.tsv | head -n 3
  174  grep -E $"(.*\t){1}`echo $com`\t" amazon_reviews_us_Books_v1_02.tsv | head -n 3
  175  grep -E $"(.*\t){1)($com)\t" amazon_reviews_us_Books_v1_02.tsv | head -n 3
  176  grep -E $'(.*\t){1}41012519\t' amazon_reviews_us_Books_v1_02.tsv | cut -f 2,3 | head -n 3
  177  grep -E "(.*\t){1}$com\t" amazon_reviews_us_Books_v1_02.tsv | cut -f 2,3 | head -n 3
  178  grep -E '(.*\t){1}41012519\t' amazon_reviews_us_Books_v1_02.tsv | cut -f 2,3 | head -n 3
  179  grep -E "(.*\t){1}$com\t" amazon_reviews_us_Books_v1_02.tsv | cut -f 2,3 | head -n 3
  180  cut -f 2 amazon_reviews_us_Books_v1_02.tsv | awk '{print $1}' | sort | uniq -c | sort -nr  > temp.txt
  181  wc -l temp.txt 
  182  tail -n 10 temp.txt 
  183  rm temp.txt 
  184  grep -E '(.*\t){1}41012519\t' amazon_reviews_us_Books_v1_02.tsv | cut -f 2,3 | head -n 3
  185  cat cs131/ws5/CUSTOMERS/top_cus.txt | tail -n 3
  186  grep -E '(.*\t){1}49423742\t' amazon_reviews_us_Books_v1_02.tsv | cut -f 2,3 | head -n 3
  187  grep -E '(.*\t){1}49423742\t' amazon_reviews_us_Books_v1_02.tsv | cut -f 2,3
  188  grep -E '(.*\t){1}12068140\t' amazon_reviews_us_Books_v1_02.tsv | cut -f 2,3
  189  grep -E $'(.*\t){1}49423742\t' amazon_reviews_us_Books_v1_02.tsv | cut -f 2,3 | head -n 3
  190  for i in `cat cs131/ws5/CUSTOMERS/top_cus.txt
  191  for i in `cat cs131/ws5/CUSTOMERS/top_cus.txt | head -n 3` ; do `echo $i` ; done
  192  for i in `cat cs131/ws5/CUSTOMERS/top_cus.txt | head -n 3` ; do echo $i ; done
  193  cat cs131/ws5/CUSTOMERS/top_cus.txt | head -n 3
  194  for i in `cat cs131/ws5/CUSTOMERS/top_cus.txt | tail -n 3` ; do echo $i ; done
  195  cat cs131/ws5/CUSTOMERS/top_cus.txt | tail -n 3
  196  grep -E $'(.*\t){1}49423742\t' amazon_reviews_us_Books_v1_02.tsv | cut -f 2,3 | head -n 3
  197  grep -E $"(.*\t){1}49423742\t" amazon_reviews_us_Books_v1_02.tsv | cut -f 2,3 | head -n 3
  198  grep -E "$(.*\t){1}49423742\t" amazon_reviews_us_Books_v1_02.tsv | cut -f 2,3 | head -n 3
  199  grep -E "$'(.*\t){1}49423742\t'" amazon_reviews_us_Books_v1_02.tsv | cut -f 2,3 | head -n 3
  200  grep -E $'(.*\t){1}49423742\t' amazon_reviews_us_Books_v1_02.tsv | cut -f 2,3 | head -n 3
  201  grep -E ${(.*\t){1}49423742\t} amazon_reviews_us_Books_v1_02.tsv | cut -f 2,3 | head -n 3
  202  grep -E $(.*\t){1}49423742\t amazon_reviews_us_Books_v1_02.tsv | cut -f 2,3 | head -n 3
  203  grep -E $'(.*\t){1}49423742\t' amazon_reviews_us_Books_v1_02.tsv | cut -f 2,3 | head -n 3
  204  grep -E $'(.*\t){1}($){com}\t' amazon_reviews_us_Books_v1_02.tsv | cut -f 2,3 | head -n 3
  205  grep -E $'(.*\t){1}($com)\t' amazon_reviews_us_Books_v1_02.tsv | cut -f 2,3 | head -n 3
  206  grep -E "(.*\t){1}$com\t" amazon_reviews_us_Books_v1_02.tsv | cut -f 2,3 | head -n 3
  207  echo "(.*\t){1}$com\t"
  208  echo $"(.*\t){1}$com\t"
  209  echo $'(.*\t){1}$com\t'
  210  echo $'(.*\t){1}49423742\t'
  211  echo $"(.*\t){1}49423742\t"
  212  echo $"'(.*\t){1}'49423742'\t'"
  213  echo $"\'(.*\t){1}\'49423742\'\t\'"
  214  echo $"(.*\t){1}49423742\t"
  215  echo $'\t'
  216  echo $"\t"
  217  echo $"'\t'"
  218  echo $"\t"
  219  echo $('(.*\t){1}'"49423742"'\t')
  220  echo $'(.*\t){1}'"49423742"'\t'
  221  echo $'(.*\t){1}'"$com"'\t'
  222  grep -E $'(.*\t){1}'"$com"'\t' amazon_reviews_us_Books_v1_02.tsv | cut -f 2,3 | head -n 3
  223  com=49423742
  224  grep -E $'(.*\t){1}'"$com"'\t' amazon_reviews_us_Books_v1_02.tsv | cut -f 2,3 | head -n 3
  225  grep -E $'(.*\t){1}49423742\t' amazon_reviews_us_Books_v1_02.tsv | cut -f 2,3 | head -n 3
  226  grep -E $'(.*\t){1}'"$com"'\t' amazon_reviews_us_Books_v1_02.tsv | cut -f 2,3 | head -n 3
  227  grep -E "$com" amazon_reviews_us_Books_v1_02.tsv | cut -f 2,3 | head -n 3
  228  grep -E "$com" amazon_reviews_us_Books_v1_02.tsv | cut -f 2,3
  229  com=50122160
  230  grep -E "$com" amazon_reviews_us_Books_v1_02.tsv | cut -f 2,3
  231  for i in `cat cs131/ws5/CUSTOMERS/top_cus.txt | head -n 3` ; do (grep -E $i | cut -f 12,13,14) ; done
  232  for i in `cat cs131/ws5/CUSTOMERS/top_cus.txt | head -n 3` ; do (grep -E $i amazon_reviews_us_Books_v1_02.tsv | cut -f 12,13,14) ; done
  233  for i in `cat cs131/ws5/CUSTOMERS/top_cus.txt | head -n 3` ; do (grep -E $i amazon_reviews_us_Books_v1_02.tsv | cut -f 13,14,15) ; done
  234  for i in `cat cs131/ws5/CUSTOMERS/top_cus.txt` ; do (grep -E $i amazon_reviews_us_Books_v1_02.tsv | cut -f 13,14,15 > cs131/ws5/CUSTOMERS/$i.txt) ; done
  235  ls cs131/ws5/CUSTOMERS | wc -l
  236  ls -la cs131/ws5/CUSTOMERS | head -n 5
  237  ls -la cs131/ws5/CUSTOMERS | head -n 10
  238  history > cs131/ws5/cmds.log
  239  vim cs131/ws5/cmds.log 
  240  cd cs131/
  241  git status
  242  git add .
  243  git commit -m "ws5 complete"
  244  git push -u origin main
  245  git fetch
  246  git pull
  247  git push -u origin main
  248  ls
  249  cd a2
  250  ls
  251  head -3 downloaded_tweets_extend_nolf2.tsv 
  252  head -3 downloaded_tweets_extend_original_nolf2.tsv 
  253  grep replied_to downloaded_tweets_extend_original_nolf2.tsv | head -3
  254  grep -E 
  255  grep -En "^.*\s1045372802713284608\s" downloaded_tweets_extend_nolf2.tsv | head -3
  256  grep -E $'(.*\t){1}1045372802713284608\t'  downloaded_tweets_extend_nolf2.tsv | head -3
  257  grep -E $'1045372802713284608\t'  downloaded_tweets_extend_nolf2.tsv | head -3
  258  grep -E 1045372802713284608  downloaded_tweets_extend_nolf2.tsv | head -3
  259  grep -E 1045372802713284608 downloaded_tweets_extend_nolf2.tsv | head -3
  260  grep 1045372802713284608 downloaded_tweets_extend_nolf2.tsv | head -3
  261  less downloaded_tweets_extend_nolf2.tsv 
  262  grep 1045372802713284608 downloaded_tweets_extend_nolf2.tsv | head -3
  263  grep 1045372802713284608 downloaded_tweets_extend_nolf2.tsv
  264  grep 1045372802713284608 downloaded_tweets_extend_original_nolf2.tsv | head -3
  265  grep 1518733566590394368 downloaded_tweets_extend_original_nolf2.tsv | head -3
  266  grep replied_to downloaded_tweets_extend_original_nolf2.tsv | wc -l
  267  grep replied_to downloaded_tweets_extend_original_nolf2.tsv | sort | uniq -c | sort -nr | head -10
  268  grep replied_to downloaded_tweets_extend_original_nolf2.tsv | cut -f2 | sort | uniq -c | sort -nr | head -10
  269  grep -E $'(.*\t){1}1240682348120866816\t'  downloaded_tweets_extend_original_nolf2.tsv | head -3
  270  grep -E $'(.*\t){1}1240682348120866816\t'  downloaded_tweets_extend_original_nolf2.tsv | head -10
  271  ls
  272  cd a2
  273  ls
  274  less downloaded_tweets_extend_original_nolf2.tsv 
  275  grep replied_to downloaded_tweets_extend_original_nolf2.tsv | head -3
  276  head -1 downloaded_tweets_extend_original_nolf2.tsv 
  277  grep replied_to downloaded_tweets_extend_original_nolf2.tsv | cut -f 2 | head -3
  278  less downloaded_tweets_extend_original_nolf2.tsv 
  279  grep replied_to downloaded_tweets_extend_original_nolf2.tsv | cut -f 2 | sort | uniq -c | sort -nr
  280  grep replied_to downloaded_tweets_extend_original_nolf2.tsv | cut -f 2 | sort | uniq -c | sort -nr | head -10
  281  grep replied_to downloaded_tweets_extend_original_nolf2.tsv | cut -f 2 | sort | uniq -c | sort -nr | wc -l
  282  wc -l downloaded_tweets_extend_original_nolf2.tsv 
  283  haad -1 downloaded_tweets_extend_original_nolf2.tsv 
  284  head -1 downloaded_tweets_extend_original_nolf2.tsv 
  285  grep replied_to downloaded_tweets_extend_original_nolf2.tsv | cut -f 6 | sort | uniq -c | sort -nr | head -10
  286  grep replied_to downloaded_tweets_extend_original_nolf2.tsv | cut -f 6 | sort | uniq -c | sort -nr
  287  grep replied_to downloaded_tweets_extend_original_nolf2.tsv | cut -f 6 | sort | uniq -c | sort -nr | wc -l
  288  grep replied_to downloaded_tweets_extend_original_nolf2.tsv | cut -f 6 | sort | uniq -c | sort -nr | head -10
  289  head -1 downloaded_tweets_extend_nolf2.tsv 
  290  grep $'(.*\t){4}retweeted\t' downloaded_tweets_extend_nolf2.tsv | head -3
  291  grep -En "^.*\sretweeted\s"  downloaded_tweets_extend_nolf2.tsv | head -3
  292  grep -En "^.*\s{4}retweeted\s"  downloaded_tweets_extend_nolf2.tsv | head -3
  293  grep -En "^.*\s{5}retweeted\s"  downloaded_tweets_extend_nolf2.tsv | head -3
  294  grep -En "\s\s\s\sretweeted\s"  downloaded_tweets_extend_nolf2.tsv | head -3
  295  grep -En "^.*\s\s\s\sretweeted\s"  downloaded_tweets_extend_nolf2.tsv | head -3
  296  awk '{print $1 $4}' downloaded_tweets_extend_nolf2.tsv | head -3
  297  awk '{print}' downloaded_tweets_extend_nolf2.tsv | head -3
  298  awk '$2 {print}' downloaded_tweets_extend_nolf2.tsv | head -3
  299  awk '$2==308045021 {print}' downloaded_tweets_extend_nolf2.tsv | head -3
  300  less downloaded_tweets_extend_nolf2.tsv 
  301  awk '$2==199452338 {print}' downloaded_tweets_extend_nolf2.tsv | head -3
  302  awk '$6 ~ retweeted {print}' downloaded_tweets_extend_nolf2.tsv | head -3
  303  awk '$6==/^*retweeted*/ {print}' downloaded_tweets_extend_nolf2.tsv | head -3
  304  awk '$6==/^*.retweeted*./ {print}' downloaded_tweets_extend_nolf2.tsv | head -3
  305  awk '$6==/*retweeted*/ {print}' downloaded_tweets_extend_nolf2.tsv | head -3
  306  awk '$6==/*retweeted*/{print}' downloaded_tweets_extend_nolf2.tsv | head -3
  307  awk '$6==/[<ReferencedTweet id=1513654494504136709 type=retweeted]/{print}' downloaded_tweets_extend_nolf2.tsv | head -3
  308  awk '$5==/*retweeted*/{print}' downloaded_tweets_extend_nolf2.tsv | head -3
  309  awk '$5==/^*retweeted*/{print}' downloaded_tweets_extend_nolf2.tsv | head -3
  310  grep '(.*\t){4}retweeted*\t' downloaded_tweets_extend_nolf2.tsv | head -3
  311  grep $'(.*\t){4}retweeted*\t' downloaded_tweets_extend_nolf2.tsv | head -3
  312  grep (.*\t){4}retweeted*\t downloaded_tweets_extend_nolf2.tsv | head -3
  313  grep -E $'(.*\t){4}retweeted*\t' downloaded_tweets_extend_nolf2.tsv | head -3
  314  grep -E $'(.*\t){4}*retweeted*\t' downloaded_tweets_extend_nolf2.tsv | head -3
  315  grep -E $'(.*\t){4}.*retweeted*\t' downloaded_tweets_extend_nolf2.tsv | head -3
  316  grep -E $'(.*\t){5}.*retweeted*\t' downloaded_tweets_extend_nolf2.tsv | head -3
  317  grep -E $'(.*\t){6}.*retweeted*\t' downloaded_tweets_extend_nolf2.tsv | head -3
  318  grep -E $'(.*\t){4}.*retweeted*\t' downloaded_tweets_extend_nolf2.tsv | head -3
  319  grep -E $'(.*\t){4}.*retweeted.*\t' downloaded_tweets_extend_nolf2.tsv | head -3
  320  grep -E $'(.*\t){4}.*retweeted.*\t' downloaded_tweets_extend_nolf2.tsv | head
  321  grep -E $'(.*\t){4}.*replied_to.*\t' downloaded_tweets_extend_original_nolf2.tsv | wc -l
  322  grep -E $'(.*\t){4}.*replied_to.*\t' downloaded_tweets_extend_original_nolf2.tsv | head -3
  323   grep replied_to downloaded_tweets_extend_original_nolf2.tsv | cut -f 2 | sort | uniq -c | sort -nr | wc -l
  324  grep -E $'(.*\t){4}.*replied_to.*\t' downloaded_tweets_extend_original_nolf2.tsv
  325  grep -E $'(.*\t){4}93193090\t' downloaded_tweets_extend_original_nolf2.tsv
  326  grep -E $'(.*\t){4}.*replied_to.*\t' downloaded_tweets_extend_original_nolf2.tsv | cut -f 2 | sort | uniq -c | sort -nr | head -10
  327  grep -E $'(.*\t){4}.*replied_to.*\t' downloaded_tweets_extend_original_nolf2.tsv | cut -f 2 | sort | uniq -c | sort -nr | wc -l
  328  grep -E $'(.*\t){4}.*replied_to.*\t' downloaded_tweets_extend_original_nolf2.tsv | cut -f 6 | sort | uniq -c | sort -nr | head -10
  329  grep -E $'(.*\t){4}.*replied_to.*\t' downloaded_tweets_extend_original_nolf2.tsv | cut -f 2 | sort | uniq -c | sort -nr | head -10
  330  grep -E $'(.*\t){4}.*replied_to.*\t' downloaded_tweets_extend_original_nolf2.tsv | head -10
  331  grep -E $'(.*\t){4}.*replied_to.*\t' downloaded_tweets_extend_nolf2.tsv | head -10
  332  grep -E $'(.*\t){4}.*replied_to.*\t' downloaded_tweets_extend_nolf2.tsv | grep -E $'(.*\t){1}308045021\t'
  333  grep -E $'(.*\t){4}.*replied_to.*\t' downloaded_tweets_extend_nolf2.tsv | grep -E $'(.*\t){1}308045021\t' | head -3
  334  grep -E $'(.*\t){4}.*replied_to.*\t' downloaded_tweets_extend_original_nolf2.tsv.tsv | grep -E $'(.*\t){1}308045021\t' | head -3
  335  grep -E $'(.*\t){4}.*replied_to.*\t' downloaded_tweets_extend_original_nolf2.tsv | grep -E $'(.*\t){1}308045021\t' | head -3
  336  grep -E $'(.*\t){4}.*replied_to.*\t' downloaded_tweets_extend_original_nolf2.tsv downloaded_tweets_extend_nolf2.tsv | wc -l
  337  grep -E $'(.*\t){4}.*replied_to.*\t' downloaded_tweets_extend_nolf2.tsv | wc -l
  338  grep -E $'(.*\t){4}.*replied_to.*\t' downloaded_tweets_extend_original_nolf2.tsv | wc -l
  339  grep -E $'(.*\t){4}.*replied_to.*\t' downloaded_tweets_extend_original_nolf2.tsv downloaded_tweets_extend_nolf2.tsv | cut -f 2 | sort | uniq -c | sort -nr | head -10
  340   grep -E $'(.*\t){4}.*retweeted.*\t' downloaded_tweets_extend_original_nolf2.tsv | cut -f 2 | sort | uniq -c | sort -nr | head -10
  341   grep -E $'(.*\t){4}.*retweeted.*\t' downloaded_tweets_extend_nolf2.tsv | cut -f 2 | sort | uniq -c | sort -nr | head -10
  342  cut -f 4 downloaded_tweets_extend_nolf2.tsv | sort | uniq -c | sort -nr | head -39
  343  cut -f 4 downloaded_tweets_extend_nolf2.tsv | sort | uniq -c | sort -nr | head -30
  344  cut -f 4 downloaded_tweets_extend_nolf2.tsv | sort | uniq -c | sort -nr | head -30
  345  cut -f 4 downloaded_tweets_extend_nolf2.tsv | grep -nv ^$ | sort | uniq -c | sort -nr | head -30
  346  cut -f 4 downloaded_tweets_extend_nolf2.tsv | grep -v ^$ | sort | uniq -c | sort -nr | head -30
  347  history | tail -100 > cmds.log
  348  vim cmds.log 
  349  ls
  350  mv downloaded_tweets_extend_nolf2.tsv ../
  351  mv downloaded_tweets_extend_original_nolf2.tsv ../
  352  cd ..
  353  ls
  354  mv a2 cs131/
  355  ls
  356  cd cs131
  357  ls
  358  git add .
  359  git commit -m "Finish a2"
  360  git push -u origin main
  361  cd ..
  362  ls
  363  grep -E $'(.*\t){4}.*replied_to.*\t' downloaded_tweets_extend_original_nolf2.tsv downloaded_tweets_extend_nolf2.tsv | cut -f 2 | sort | uniq -c | sort -nr | head -10
  364  ls
  365  mkdir ws6
  366  echo "pwd"
  367  echo $SHELL
  368  echo $PATH
  369  cd cs131/
  370  echo $PATH
  371  cd ..
  372  echo `pwd`
  373  cd ws6
  374  vim temp.txt
  375  cat temp.txt 
  376  sed '/second/ p' temp.txt 
  377  sed -n '/second/ p' temp.txt 
  378  vim temp.txt
  379  sed -n '/second/ p' temp.txt 
  380  sed -n '/\tsecond/ p' temp.txt 
  381  sed -n '/second/ =' temp.txt 
  382  sed -n '/second/ p' temp.txt 
  383  cd ..
  384  ls
  385  mkdir temp
  386  cd temp/
  387  ls
  388  touch xx.a
  389  touch yy.b
  390  touch zz.c
  391  touch kk.i
  392  touch jj.o
  393  ls
  394  ls *.[!o]
  395  ls *.[!o,c]
  396  ls *.[!oc]
  397  cd ..
  398  cd ws6/
  399  ks
  400  ls
  401  sed -n '/\t\tsecond/ p' temp.txt 
  402  sed -n '/\tsecond/ p' temp.txt 
  403  sed -n '/\ssecond/ p' temp.txt 
  404  sed -n '/\s\ssecond/ p' temp.txt 
  405  sed -n '/\s\s\ssecond/ p' temp.txt 
  406  sed -n '/.*\t{2}second/ p' temp.txt 
  407  sed -n '/.*\t{2}second\t/ p' temp.txt 
  408  sed '/second/ d' temp.txt 
  409  sed '2 d' temp.txt 
  410  sed 's/is/are &' temp.txt 
  411  sed 's/is/are &/' temp.txt 
  412  cat temp.txt 
  413  sed 's/ is /are &/' temp.txt 
  414  sed 's/ is/are &/' temp.txt 
  415  sed 's/is/are \t/' temp.txt 
  416  sed 's/\tis/are' temp.txt 
  417  sed 's/\tis/are \&' temp.txt 
  418  sed 's/(\t)is/are \&' temp.txt 
  419  sed -e 's/(\t)is/are \&' temp.txt 
  420  sed 's/is/are \&' temp.txt 
  421  sed 's/is/are &/' temp.txt 
  422  sed 's/is/are' temp.txt 
  423  sed 's/is/are \1' temp.txt 
  424  sed 's/\tis/are &/' temp.txt 
  425  sed 's/\(is\)/are \1' temp.txt 
  426  sed '/secon/ s/ is/are' temp.txt 
  427  sed '/second/ s/ is/are' temp.txt 
  428  sed '/second/ s/is/are' temp.txt 
  429  sed '/second/ {s/is/are}' temp.txt 
  430  sed '3,5 {s/is/are}' temp.txt 
  431  sed 's/is/are/2' temp.txt 
  432  sed 's/is/are/3' temp.txt 
  433  sed 's/is/are/1' temp.txt 
  434  sed 's/is/are/4' temp.txt 
  435  sed 's/\tis/are/5' temp.txt 
  436  sed 's/\tis/are/1' temp.txt 
  437  sed 's/\tis/\tare/1' temp.txt 
  438  who
  439  whoami
  440  sed -n '/second/2 p' temp.txt 
  441  sed -n '/second/ p' temp.txt 
  442  sed -n '/\t\tsecond/ p' temp.txt 
  443  sed -n '//t/tsecond/ p' temp.txt 
  444  sed -n '/second/ p' temp.txt 
  445  sed -n '2/second/ p' temp.txt 
  446  sed -n ' /2/second/ p' temp.txt 
  447  sed -n '/2/second/ p' temp.txt 
  448  sed -n '/second/ p' temp.txt 
  449  sed -n '/second/ $p' temp.txt 
  450  sed -n '/second/$p' temp.txt 
  451  sed -n '$p' temp.txt 
  452  sed -n '$p2' temp.txt 
  453  sed -n '2p' temp.txt 
  454  sed -n '4p' temp.txt 
  455  sed -n '$p' temp.txt 
  456  sed -n '/second/ !p' temp.txt 
  457  sed -n '^\tsecond/ p' temp.txt 
  458  sed -n 'n;d' temp.txt 
  459  sed -n 'n;n;Nd' temp.txt 
  460  sed -n 'n;n;N;d' temp.txt 
  461  sed -n 'second;n' temp.txt 
  462  sed -n 'second;d' temp.txt 
  463  sed -n '/.\t{2\}//p' temp.txt 
  464  sed -n '2s/.\t{2\}//p' temp.txt 
  465  sed -n '/.\t{second\}/p' temp.txt 
  466  sed -n '/.{second\}/p' temp.txt 
  467  sed -n '/.\{second\}/p' temp.txt 
  468  sed -n '/.\{7\}/p' temp.txt 
  469  sed -n '/.\{2\}/p' temp.txt 
  470  sed -n '/.\{\t\}/p' temp.txt 
  471  sed -n '/.\{t\}/p' temp.txt 
  472  sed -n '1p; /^second:/p' temp.txt 
  473  sed -n '2p; /^second:/p' temp.txt 
  474  sed -n '/^second:/p' temp.txt 
  475  sed -n '/second/p' temp.txt 
  476  sed -n '/'\t'second/p' temp.txt 
  477  sed -n '/`\t`second/p' temp.txt 
  478  logout
  479  cd temp
  480  ls
  481  cd ..
  482  rm -r temp
  483  ls
  484  cd ws6/
  485  sed -n '/^[^\t]*\t[^\t]*\tsecond/p' temp.txt 
  486  sed -n '/^[^\t]*\t{2}second/p' temp.txt 
  487  sed -n '/^[^\t]*\tsecond/p' temp.txt 
  488  less ../amazon_reviews_us_Books_v1_02.tsv 
  489  sed -n '/^[^\t]*\t[^\t]*\t[^\t]*\t[^\t]*\t[^\t]*\t[^\t]*\t[^\t]*\t[^\t]*\t[^\t]*\t[^\t]*\t[^\t]*\tN/p' ../amazon_reviews_us_Books_v1_02.tsv | head -n 3
  490  grep -E $'(.*\t){11}N\t' ../amazon_reviews_us_Books_v1_02.tsv | head -n 3
  491  grep -E $'(.*\t){11}N\t' ../amazon_reviews_us_Books_v1_02.tsv | wc -l
  492  sed -n '/^[^\t]*\t[^\t]*\t[^\t]*\t[^\t]*\t[^\t]*\t[^\t]*\t[^\t]*\t[^\t]*\t[^\t]*\t[^\t]*\t[^\t]*\tN/p' ../amazon_reviews_us_Books_v1_02.tsv | wc -l
  493  sed -n '/^[^\t]*\t[^\t]*\t[^\t]*\t[^\t]*\t[^\t]*\t[^\t]*\t[^\t]*\t[^\t]*\t[^\t]*\t[^\t]*\t[^\t]*\tN/p' ../amazon_reviews_us_Books_v1_02.tsv > unverified.txt
  494  wc -l unverified.txt 
  495  less unverified.txt 
  496  ls
  497  head -20 unverified.txt > unverified_head20.txt
  498  cat unverified_head20.txt 
  499  clear
  500  rm temp.txt 
  501  ls
  502  sed -n '/^[^\t]*\t[^\t]*\t[^\t]*\t1844161560/p' ../amazon_reviews_us_Books_v1_02.tsv > 1844161560.txt
  503  rm 1844161560.txt 
  504  sed -n '/^[^\t]*\t[^\t]*\t[^\t]*\t1844161560/p' unverified.txt > 1844161560.txt
  505  cat 1844161560.txt 
  506  clear
  507  ls
  508  vim temp.txt
  509  cat temp.txt 
  510  ls temp.txt 
  511  sed '/to/d' temp.txt 
  512  sed '/to/p' temp.txt 
  513  sed '/to/d' temp.txt 
  514  sed 's/to//' temp.txt 
  515  sed -i 's/to//' temp.txt 
  516  sed -e 's/to//' temp.txt 
  517  sed -e 's/ to//' temp.txt
  518  sed -e 's/ to //' temp.txt
  519  sed -e 's/ to / /' temp.txt
  520  sed -e 's/ to / /' -e 's/,//' -e 's/.//' -e 's/;//' temp.txt
  521  sed -e 's/ to / /' -e 's/\,//' -e 's/.//' -e 's/;//' temp.txt
  522  sed -e 's/ to / /' -e 's/,//g' -e 's/.//' -e 's/;//' temp.txt
  523  sed -e 's/ to / /' -e 's/,//g' -e 's/.//g' -e 's/;//g' temp.txt
  524  sed -e 's/ to / /' -e 's/,//g' -e 's/.//g' -e 's/;//' temp.txt
  525  sed -e 's/ to / /' -e 's/,//g' -e 's/.//' -e 's/;//' temp.txt
  526  sed -e 's/ to / /' -e 's/,//g' -e 's/\.//g' -e 's/;//' temp.txt
  527  sed -e 's/ to / /' -e 's/,//g' -e 's/\.//g' -e 's/;//g' temp.txt
  528  cat temp.txt 
  529  sed -e 's/ to / /' -e 's/,//g' -e 's/\.//g' -e 's/;//g' unverified_head20.txt | head -3
  530  head -3 unverified_head20.txt 
  531  sed -e 's/ to / /g' -e 's/,//g' -e 's/\.//g' -e 's/;//g' unverified_head20.txt | head -3
  532  sed -e 's/ to / /g' -e 's/,//g' -e 's/\.//g' -e 's/;//g' 1844161560.txt > 1844161560_task5.txt
  533  less 1844161560_task5.txt 
  534  ls
  535  vim temp.txt
  536  cat temp.txt 
  537  sed -e 's/\<*\/\>//g' temp.txt 
  538  sed -e 's/<*\/>//g' temp.txt 
  539  sed -e 's/[<*\/>]//g' temp.txt 
  540  sed -e 's/[<]*[/>]//g' temp.txt 
  541  sed -e 's/[<]*[\/>]//g' temp.txt 
  542  sed -e 's/[\<]*[\/>]//g' temp.txt 
  543  sed -e 's/<*\/>//g' temp.txt 
  544  sed -e 's/<[*]\/>//g' temp.txt 
  545  sed -e 's/[<]*\/>//g' temp.txt 
  546  sed -e 's/<*\/>//g' temp.txt 
  547  sed -e 's/^<*\/>//g' temp.txt 
  548  sed -e 's/^.*<*\/>//g' temp.txt 
  549  sed -e 's/<*\/>//g' temp.txt 
  550  sed -e 's/.<*\/>//g' temp.txt 
  551  sed -e 's/<.*\/>//g' temp.txt 
  552  sed -e 's/<.*[\/>]//g' temp.txt 
  553  sed -e 's/<[^>]*>//g' temp.txt 
  554  sed -e 's/<[^>]*\/>//g' temp.txt 
  555  sed -e 's/<*\/>//g' temp.txt 
  556  sed -e 's/<[^>]*\/>//g' temp.txt 
  557  cat temp.txt 
  558  sed -e 's/<[^>]*\/>//g' unverified.txt > 1844161560_task6.txt
  559  rm 1844161560_task6.txt 
  560  sed -e 's/<[^>]*\/>//g' 1844161560.txt > 1844161560_task6.txt
  561  less 1844161560_task6.txt 
  562  ls
  563  rm temp.txt 
  564  rm unverified.txt 
  565  ls
  566  history | tail -150 > cmnd.log
  567  vim cmnd.log
  568  less cmnd.log
  569  ls
  570  cd ..
  571  mv ws6 cs131/
  572  ls
  573  cd cs131
  574  ls
  575  git add ws6
  576  git commit -m "ws6 finish"
  577  git push -u origin main
  578  git pull
  579  git push -u origin main
  580  cd ..
  581  ls
  582  mkdir ws7
  583  ls
  584  cd ws7
  585  vim temp.txt
  586  awk '/is/ {print}' temp.txt 
  587  cat temp.txt 
  588  awk '/\tis/ {print}' temp.txt 
  589  awk '/\tis/ {print $4}' temp.txt 
  590  awk '$4==/\tis/ {print}' temp.txt 
  591  awk '$4=/\tis/ {print}' temp.txt 
  592  awk '/\tis/ {print}' temp.txt 
  593  awk '$4=="\tis" {print}' temp.txt 
  594  awk '$4=="is" {print}' temp.txt 
  595  awk '$1=="is" {print}' temp.txt 
  596  awk '$1=="this" {print}' temp.txt 
  597  awk '$1=="some" {print}' temp.txt 
  598  awk '$12=="Y" {print}' ../amazon_reviews_us_Books_v1_02.tsv | wc -l
  599  sed -n '/^[^\t]*\t[^\t]*\t[^\t]*\t[^\t]*\t[^\t]*\t[^\t]*\t[^\t]*\t[^\t]*\t[^\t]*\t[^\t]*\t[^\t]*\tN/p' ../amazon_reviews_us_Books_v1_02.tsv | wc -l
  600  logout
  601  ls
  602  cd ws7/
  603  ls
  604  cat temp.txt 
  605  vim some_awk'
  606  ls
  607  vim some_awk
  608  cat some_awk 
  609  awk -f some_awk temp.txt 
  610  ls
  611  cat temp.txt 
  612  vim some_awk 
  613  awk -f some_awk temp.txt 
  614  vim some_awk 
  615  awk -f some_awk ../amazon_reviews_us_Books_v1_02.tsv | wc -l
  616  grep -E $'(.*\t){11}Y\t' ../amazon_reviews_us_Books_v1_02.tsv | wc -l
  617  awk -F some_awk ../amazon_reviews_us_Books_v1_02.tsv | wc -l
  618  awk -F -f some_awk ../amazon_reviews_us_Books_v1_02.tsv | wc -l
  619  awk -F \t -f some_awk ../amazon_reviews_us_Books_v1_02.tsv | wc -l
  620  awk -F \t -f some_awk ../amazon_reviews_us_Books_v1_02.tsv | head -5
  621  awk -f some_awk ../amazon_reviews_us_Books_v1_02.tsv | head -5
  622  vim some_awk 
  623  awk -F \s -f some_awk ../amazon_reviews_us_Books_v1_02.tsv | head -5
  624  vim some_awk 
  625  awk -F \s -f some_awk ../amazon_reviews_us_Books_v1_02.tsv | head -5
  626  awk -f some_awk ../amazon_reviews_us_Books_v1_02.tsv | head -5
  627  vim some_awk 
  628  awk -f some_awk ../amazon_reviews_us_Books_v1_02.tsv | head -5
  629  awk -f some_awk ../amazon_reviews_us_Books_v1_02.tsv | wc -l
  630  awk -F '\t' -f some_awk ../amazon_reviews_us_Books_v1_02.tsv | wc -l
  631  awk -F '\t' -f 'BEGIN $12==Y {print}' ../amazon_reviews_us_Books_v1_02.tsv | wc -l
  632  awk -F '\t' 'BEGIN $12==Y {print}' ../amazon_reviews_us_Books_v1_02.tsv | wc -l
  633  awk -F '\t' 'BEGIN if($12==Y) {print}' ../amazon_reviews_us_Books_v1_02.tsv | wc -l
  634  mv some_awk ws7_1
  635  ls
  636  awk -F '\t' -f ws7_1 ../amazon_reviews_us_Books_v1_02.tsv > verified.txt
  637  head -20 verified.txt > verified_head20.txt
  638  wc -l verified.txt 
  639  wc -l verified_head20.txt 
  640  cat verified_head20.txt 
  641  head -1 ../amazon_reviews_us_Books_v1_02.tsv 
  642  vim ws7_2
  643  awk -F '\t' {sort $13 | print} | head -3
  644  awk {sort $13 | print} | head -3
  645  awk '{sort $13 | print}' | head -3
  646  awk '{"sort $13" | print}' | head -3
  647  ca temp.txt 
  648  ls
  649  cat temp.txt 
  650  awk -F'\t' '{count[$3 $0]++} END {for (word in count) print count[word], substr(word, index(word, "\t")+1)}' temp.txt 
  651  awk '{count[$3 $0]++} END {for (word in count) print count[word], substr(word, index(word, "\t")+1)}' temp.txt 
  652  awk '{count[$3]++} END {for (word in count) print count[word], substr(word, index(word, "\t")+1)}' temp.txt 
  653  vim temp.txt 
  654  awk '{count[$3]++} END {for (word in count) print count[word], substr(word, index(word, "\t")+1)}' temp.txt 
  655  vim temp.txt 
  656  awk '{count[$3]++} END {for (word in count) print count[word], substr(word, index(word, "\t")+1)}' temp.txt 
  657  cp temp.txt temp2.txt
  658  ls
  659  cat temp2.txt 
  660  mv temp2.txt temp2.tsv
  661  ls
  662  awk '{count[$3]++} END {for (word in count) print count[word], substr(word, index(word, "\t")+1)}' temp2.tsv 
  663  awk -F'\t' '{count[$3 $0]++} END {for (word in count) print count[word], substr(word, index(word, "\t")+1)}' temp2.tsv
  664  cd ws7/
  665  ls
  666  vim ws7_2 
  667  awk -F '\t' -f ws7_2 ../amazon_reviews_us_Books_v1_02.tsv 
  668  awk -F '\t' -f ws7_2 temp2.tsv 
  669  awk -F '\t' -f ws7_2 temp2.tsv | sort -nr
  670  vim ws7_2
  671  awk -F '\t' -f ws7_2 ../amazon_reviews_us_Books_v1_02.tsv | head -3
  672  awk -F '\t' -f ws7_2 verified.txt | head -3
  673  awk -F '\t' -f ws7_2 verified.txt | sort -nr | head -3
  674  cut -f 13 ../amazon_reviews_us_Books_v1_02.tsv | head 1
  675  cut -f 13 ../amazon_reviews_us_Books_v1_02.tsv | head -1
  676  cut -f 13 verified.txt | sort | uniq -c | sort -rn | head -3
  677  vim ws7_2
  678  awk -F '\t' -f ws7_2 verified.txt | head -3
  679  awk -F '\t' -f ws7_2 verified.txt | tail -3
  680  vim ws7_2
  681  awk -F '\t' -f ws7_2 verified.txt | head -3
  682  vim ws7_2
  683  awk -F '\t' -f ws7_2 verified.txt | head -3
  684  vim ws7_2
  685  awk -F '\t' -f ws7_2 verified.txt | head -3
  686  cut -f 13 verified.txt | sort | uniq -c | sort -rn | wc -l
  687  awk -F '\t' -f ws7_2 verified.txt | wc -l
  688  awk -F '\t' -f ws7_2 verified.txt | head -10 > top10.txt
  689  cat t
  690  cat top10.txt 
  691  cut -f 13 verified.txt | sort | uniq -c | sort -rn | head -10
  692  history | tail -100 > cmnd.log
  693  vim cmnd.log 
  694  ls
  695  rm temp*.*
  696  ls
  697  rm verified.txt 
  698  ls
  699  mv ws7_2 ws7_3
  700  ls
  701  cat ws7_3
  702  cd ..
  703  ls
  704  mv ws7 cs131/
  705  cd cs131
  706  ls
  707  git status
  708  git add ws7/
  709  git commit -m "ws7 complete"
  710  git push -u origin main
  711  logout
  712  ls
  713  less downloaded_tweets_extend_nolf2.tsv 
  714  clear
  715  ls
  716  mkdir a3
  717  cd a3/
  718  ls ../cs131/
  719  less ../downloaded_tweets_extend_nolf2.tsv 
  720  vim a3_1
  721  awk -F '\t' -f a3_1 ../downloaded_tweets_extend_nolf2.tsv | wc -l
  722  vim a3_1
  723  awk -F '\t' -f a3_1 ../downloaded_tweets_extend_nolf2.tsv | wc -l
  724  awk -F '\t' -f a3_1 ../downloaded_tweets_extend_nolf2.tsv
  725  vim a3_1
  726  awk -F '\t' -f a3_1 ../downloaded_tweets_extend_nolf2.tsv
  727  vim a3_1
  728  awk -F '\t' '$5 ~ /replied_to/ {print $2, " ", $6}' ../downloaded_tweets_extend_nolf2.tsv | wc -l
  729  grep -E $'(.*\t){4}.*replied_to.*\t' ../downloaded_tweets_extend_nolf2.tsv | wc -l
  730  grep -E $'(.*\t){4}.*replied_to.*\t' ../downloaded_tweets_extend_nolf2.tsv | head -3
  731  awk -F '\t' '$5 ~ /replied_to/ {print $2, " ", $6}' ../downloaded_tweets_extend_nolf2.tsv | head -3
  732  cat ../downloaded_tweets_extend_nolf2.tsv | head -1
  733  awk -F '\t' '$5 ~ /replied_to/ {print $6, " ", $2}' ../downloaded_tweets_extend_nolf2.tsv | head -10
  734  ls
  735  rm a3_1 
  736  awk -F '\t' '$5 ~ /replied_to/ {print $6, " ", $2}' ../downloaded_tweets_extend_nolf2.tsv > task1.txt
  737  vim a3_2
  738  awk -f task1.txt | head -5
  739  cut -f " " 1 task1.txt | sort -n | uniq -c | sort -nr
  740  cut -d " " -f 1 task1.txt | sort -n | uniq -c | sort -nr 
  741  cut -d " " -f 1 task1.txt | sort -n | uniq -c | sort -nr | head -10
  742  grep -E $'(.*\t){4}.*replied_to.*\t' ../downloaded_tweets_extend_nolf2.tsv | cut -f 6 | sort | uniq -c | sort -nr | head -10
  743  ls
  744  vim a3_2 
  745  awk -f a3_2 task1.txt | head -5
  746  vim a3_2 
  747  awk -f a3_2 task1.txt | head -5
  748  vim a3_2 
  749  awk -f a3_2 task1.txt | head -5
  750  vim a3_2 
  751  awk -f a3_2 task1.txt | head -5
  752  awk -f a3_2 task1.txt
  753  awk -f a3_2 task1.txt > task2.txt
  754  ls
  755  cd a3/
  756  ls
  757  gnuplot
  758  cd ..
  759  gnuplot
  760  cd a3/
  761  ./gunplot
  762  gcc --version
  763  cd ..
  764  wget https://sourceforge.net/projects/gnuplot/files/gnuplot/5.4.6/gnuplot-5.4.6.tar.gz
  765  ls
  766  gzip -d gnuplot-5.4.6.tar.gz
  767  tar xvf gnuplot-5.4.6.tar
  768  ls
  769  cd gnuplot-5.4.6/
  770  ./configure --disable-dependency-tracking
  771  make
  772  make check
  773  ls
  774  cd src
  775  ls
  776  ./gnuplot 
  777  cd ..
  778  cd a3
  779  ../gnuplot-5.4.6/src/gnuplot 
  780  ls
  781  ls task2.txt 
  782  cat task2.txt 
  783  cut -d ' ' -f 1 task2.txt | uniq -c | sort -nr > a3_3_data.txt
  784  ls
  785  cat a3_3_data.txt 
  786  em a3_3_data.txt 
  787  rm a3_3_data.txt 
  788  awk '{count[$1]++} END{for(word in count) print word, count[word]}' | head -3
  789  awk '{count[$1]++} END{for(word in count) print word, count[word]}' task2.txt| head -3
  790  awk '{count[$1]++} END{for(word in count) print word, count[word]}' task2.txt > a3_3_data.txt
  791  cat a3_3_data.txt
  792  cp a3_3_data.txt a3_data.dat
  793  cat a3_data.dat 
  794  ../gnuplot-5.4.6/src/gnuplot 
  795  ls
  796  ../gnuplot-5.4.6/src/gnuplot 
  797  cd ..
  798  ssh -Y peizu23sp@172.31.197.164
  799  gnuplot
  800  gnuplot-5.4.6/src/gnuplot 
  801  ls
  802  cd gunp
  803  cd gnuplot-5.4.6/
  804  ls
  805  cd src
  806  ls
  807  cd ..
  808  find sample
  809  cd ..
  810  gnuplot-5.4.6/src/gnuplot 
  811  ls
  812  display sample.svg 
  813  ssh -Y peizu23sp@172.31.197.164
  814  display sample.svg
  815  cd ..
  816  ls
  817  cd peizu23sp/
  818  ls
  819  gnuplot-5.4.6/src/gnuplot 
  820  cd a3
  821  ls
  822  pwd
  823  ../gnuplot-5.4.6/src/gnuplot 
  824  ls
  825  cd ..
  826  mv a3 cs131/
  827  cd cs131/
  828  git add .
  829  git commit -m 
  830  git commit -m "a3 first commit, not finish"
  831  git push -u origin main
  832  ls
  833  cd a3
  834  ls
  835  ls -la
  836  chmod 777 h1.svg 
  837  ls
  838  ls -la
  839  cd ..
  840  git add .
  841  git commit -m "change h1 permission"
  842  git push -u origin master
  843  git push -u origin main
  844  cd a3
  845  ls
  846  rm a3_data.dat 
  847  rm h1.svg 
  848  ls
  849  ../gnuplot-5.4.6/src/gnuplot 
  850  ../../gnuplot-5.4.6/src/gnuplot 
  851  ls
  852  display sample.svg
  853  chmod 777 sample.svg 
  854  ls
  855  ls -la
  856  display sample.svg 
  857  ssh -Y peizu23sp@172.31.197.164
  858  systemctl enable --now cockpit.socket
  859  insights-client --register
  860  cd cs131/
  861  cd a3
  862  display sample.svg
  863  ls
  864  cat a3_3_data.txt 
  865  install gnuplot
  866  apt-get install gnuplot
  867  sudo apt-get install gnuplot
  868  gnuplot
  869  gnuplot --version
  870  sudo
  871  gnuplot-5.4.6/src/gnuplot 
  872  cd cs131
  873  cd a3
  874  ls
  875  rm sample.svg
  876  cp a3_3_data.txt a3_3_data.dat
  877  ls
  878  cat a3_3_data.dat 
  879  ../../gnuplot-5.4.6/src/gnuplot 
  880  pwd
  881  ../../gnuplot-5.4.6/src/gnuplot 
  882  ls
  883  ls -la
  884  chmod 777 h1.svg
  885  ls -la
  886  cd ..
  887  git status
  888  git add .
  889  git commit -m "testing h1.svg"
  890  git push -u origin main
  891  cd ..
  892  ls
  893  rm h1.svg
  894  rm sample.svg 
  895  ls
  896  cat ws4.txt 
  897  ls
  898  rm ws4.txt 
  899  rm index.html 
  900  ls
  901  mkdir ex
  902  cd ex
  903  mkdir shell_2
  904  cd shell_2/
  905  vim get_line.sh
  906  cat get_line.sh 
  907  mv get_line.sh getline
  908  ls
  909  ./getline 
  910  ls
  911  ls -la
  912  chmod 777 getline
  913  ls -la
  914  ./getline 
  915  ./getline 1 ../../amazon_reviews_us_Books_v1_02
  916  ./getline 2 ../../amazon_reviews_us_Books_v1_02.tsv 
  917  vim getline
  918  ./getline 2 ../../amazon_reviews_us_Books_v1_02.tsv 
  919  vim getline
  920  ls
  921  vim getline 
  922  ./getline q ../../amazon_reviews_us_Books_v1_02.tsv 
  923  ./getline 1 ../../amazon_reviews_us_Books_v1_02.tsv 
  924  vim getline 
  925  ./getline 1 ../../amazon_reviews_us_Books_v1_02.tsv 
  926  vim getline 
  927  man sh
  928  vim getline 
  929  ./getline 1 ../../amazon_reviews_us_Books_v1_02.tsv 
  930  read X Y Z
  931  echo $X
  932  echo $y
  933  echo $Y
  934  echo $Z
  935  vim getline 
  936  gnuplot
  937  cd ~
  938  ls
  939  cd ex/shell_2/
  940  vim hello
  941  ls
  942  chmod 777 hello 
  943  vim hello
  944  ./hello 
  945  ls
  946  vim hello
  947  ./hello 
  948  vim hello
  949  ./hello 
  950  vim hello
  951  vim grades.txt
  952  ls
  953  cat grades.txt 
  954  vim stats
  955  chomod 777 stats 
  956  chmod 777 stats 
  957  ./stats < grades.txt 
  958  vim g
  959  vim grades.txt 
  960  ./stats < grades.txt 
  961  vim grades.txt 
  962  vim stats
  963  ./stats < grades.txt 
  964  vim stats
  965  ./stats < grades.txt 
  966  vim stats
  967  ./stats < grades.txt 
  968  vim stats
  969  ./stats < grades.txt 
  970  vim stats
  971  cat grades.txt | ./stats
  972  vim stats
  973  cat grades.txt | ./stats
  974  vim stats
  975  cat grades.txt | ./stats
  976  vim stats
  977  cat grades.txt | ./stats
  978  vim stats
  979  cat grades.txt | ./stats
  980  vim stats
  981  cat grades.txt | ./stats
  982  vim stats
  983  cat grades.txt | ./stats
  984  vim stats
  985  cat grades.txt | ./stats
  986  vim stats
  987  cat grades.txt | ./stats
  988  vim stats
  989  ls
  990  cd ex
  991  ls
  992  cd shell_2/
  993  vim factorial
  994  chmod 777 factorial 
  995  ./factorial 
  996  vim factorial
  997  ./factorial 
  998  vim factorial
  999  ./factorial 
 1000  vim factorial
 1001  ls
 1002  cd cs131/a3
 1003  ls
 1004  ../../gnuplot-5.4.6/src/gnuplot 
 1005  ls
 1006  chmod 777 h4.svg
 1007  cd ..
 1008  git add .
 1009  git commit -m "add h4.svg"
 1010  git push -u origin main
 1011  cd a3
 1012  ../../gnuplot-5.4.6/src/gnuplot 
 1013  ls
 1014  ls -la
 1015  cd ..
 1016  git add .
 1017  git commit -m "h4.svg fix"
 1018  git push -u origin main
 1019  cd a3
 1020  ls
 1021  ../../gnuplot-5.4.6/src/gnuplot 
 1022  ls
 1023  display h1.svg 
 1024  cat h1.svg 
 1025  ../../gnuplot-5.4.6/src/gnuplot 
 1026  cd ..
 1027  git add .
 1028  git push -u origin main
 1029  git commit -m "gnuplot testing"
 1030  git push -u origin main
 1031  cd a3
 1032  ../../gnuplot-5.4.6/src/gnuplot 
 1033  git add
 1034  git add .
 1035  git commit -m "gnuplot testing"
 1036   git push -u origin main
 1037  ../../gnuplot-5.4.6/src/gnuplot 
 1038  git add .
 1039  git commit -m "gnuplot testing"
 1040   git push -u origin main
 1041  ../../gnuplot-5.4.6/src/gnuplot 
 1042  git add .
 1043  git commit -m "gnuplot testing"
 1044   git push -u origin main
 1045  ../../gnuplot-5.4.6/src/gnuplot 
 1046  git add .
 1047  git commit -m "gnuplot testing"
 1048  git push -u origin main
 1049  ../../gnuplot-5.4.6/src/gnuplot 
 1050  git add .
 1051  git commit -m "gnuplot testing"
 1052  git push -u origin main
 1053  git pull
 1054  ls
 1055  rm a3_3_data.txt
 1056  ls
 1057  history > cmds.log
